Date: 2023-3 Share: AGHOL
Date: 2023-3 Share: AKCNS
Date: 2023-3 Share: AKYHO
Date: 2023-3 Share: AKENR
Date: 2023-3 Share: AKFGY
Date: 2023-3 Share: ATEKS
Date: 2023-3 Share: AKMGY
Date: 2023-3 Share: AKSA
Date: 2023-3 Share: AKSUE
Date: 2023-3 Share: ALKA
Date: 2023-3 Share: AYCES
Date: 2023-3 Share: ANGEN
Date: 2023-3 Share: ANELE
Date: 2023-3 Share: ARSAN
Date: 2023-3 Share: ARZUM
Date: 2023-3 Share: ATAGY
Date: 2023-3 Share: ATATP
Date: 2023-3 Share: AVGYO
Date: 2023-3 Share: AVTUR
Date: 2023-3 Share: AVHOL
Date: 2023-3 Share: AYDEM
Date: 2023-3 Share: AYGAZ
Date: 2023-3 Share: BAGFS
Date: 2023-3 Share: BANVT
Date: 2023-3 Share: BASGZ
Date: 2023-3 Share: BTCIM
Date: 2023-3 Share: BSOKE
Date: 2023-3 Share: BIMAS
Date: 2023-3 Share: BIOEN
Date: 2023-3 Share: BRKO
Date: 2023-3 Share: BRLSM
Date: 2023-3 Share: BRMEN
Date: 2023-3 Share: BIZIM
Date: 2023-3 Share: BMSCH
Date: 2023-3 Share: BOBET
Date: 2023-3 Share: BRYAT
Date: 2023-3 Share: CRFSA
Date: 2023-3 Share: CEOEM
Date: 2023-3 Share: CONSE
Date: 2023-3 Share: COSMO
Date: 2023-3 Share: CANTE
Date: 2023-3 Share: CELHA
Date: 2023-3 Share: CEMAS
Date: 2023-3 Share: CMBTN
Date: 2023-3 Share: CUSAN
Date: 2023-3 Share: DAGI
Date: 2023-3 Share: DAGHL
Date: 2023-3 Share: DARDL
Date: 2023-3 Share: DMSAS
Date: 2023-3 Share: DZGYO
Date: 2023-3 Share: DERIM
Date: 2023-3 Share: DESA
Date: 2023-3 Share: DNISI
Date: 2023-3 Share: DIRIT
Date: 2023-3 Share: DITAS
Date: 2023-3 Share: DOBUR
Date: 2023-3 Share: DGNMO
Date: 2023-3 Share: ARASE
Date: 2023-3 Share: DGGYO
Date: 2023-3 Share: DURDO
Date: 2023-3 Share: DYOBY
Date: 2023-3 Share: EDATA
Date: 2023-3 Share: EDIP
Date: 2023-3 Share: EGPRO
Date: 2023-3 Share: EGSER
Date: 2023-3 Share: EKIZ
Date: 2023-3 Share: ELITE
Date: 2023-3 Share: EMKEL
Date: 2023-3 Share: ENSRI
Date: 2023-3 Share: ERCB
Date: 2023-3 Share: KIMMR
Date: 2023-3 Share: ERSU
Date: 2023-3 Share: ESCAR
Date: 2023-3 Share: ESCOM
Date: 2023-3 Share: ETYAT
Date: 2023-3 Share: EUHOL
Date: 2023-3 Share: TEZOL
Date: 2023-3 Share: FLAP
Date: 2023-3 Share: FORMT
Date: 2023-3 Share: GWIND
Date: 2023-3 Share: GEDIK
Date: 2023-3 Share: GENIL
Date: 2023-3 Share: GZNMI
Date: 2023-3 Share: GMTAS
Date: 2023-3 Share: GESAN
Date: 2023-3 Share: GOLTS
Date: 2023-3 Share: GOZDE
Date: 2023-3 Share: GUBRF
Date: 2023-3 Share: GRSEL
Date: 2023-3 Share: SAHOL
Date: 2023-3 Share: HLGYO
Date: 2023-3 Share: HATEK
Date: 2023-3 Share: HDFGS
Date: 2023-3 Share: HEDEF
Date: 2023-3 Share: HTTBT
Date: 2023-3 Share: HUBVC
Date: 2023-3 Share: HURGZ
Date: 2023-3 Share: ISKPL
Date: 2023-3 Share: IEYHO
Date: 2023-3 Share: IDEAS
Date: 2023-3 Share: IDGYO
Date: 2023-3 Share: IHEVA
Date: 2023-3 Share: IHLGM
Date: 2023-3 Share: IHGZT
Date: 2023-3 Share: IHAAS
Date: 2023-3 Share: IHYAY
Date: 2023-3 Share: INDES
Date: 2023-3 Share: ISDMR
Date: 2023-3 Share: ISSEN
Date: 2023-3 Share: IZINV
Date: 2023-3 Share: IZFAS
Date: 2023-3 Share: KLKIM
Date: 2023-3 Share: KAREL
Date: 2023-3 Share: KRTEK
Date: 2023-3 Share: KARYE
Date: 2023-3 Share: KARTN
Date: 2023-3 Share: KERVN
Date: 2023-3 Share: KLGYO
Date: 2023-3 Share: KLMSN
Date: 2023-3 Share: KCHOL
Date: 2023-3 Share: KLSYN
Date: 2023-3 Share: KONYA
Date: 2023-3 Share: KONKA
Date: 2023-3 Share: KGYO
Date: 2023-3 Share: KOZAA
Date: 2023-3 Share: KRGYO
Date: 2023-3 Share: KRONT
Date: 2023-3 Share: KUVVA
Date: 2023-3 Share: KUYAS
Date: 2023-3 Share: KTSKR
Date: 2023-3 Share: LIDER
Date: 2023-3 Share: LKMNH
Date: 2023-3 Share: MANAS
Date: 2023-3 Share: MAGEN
Date: 2023-3 Share: MARKA
Date: 2023-3 Share: MAALT
Date: 2023-3 Share: MRSHL
Date: 2023-3 Share: MARTI
Date: 2023-3 Share: MTRKS
Date: 2023-3 Share: MEDTR
Date: 2023-3 Share: MEGAP
Date: 2023-3 Share: MNDRS
Date: 2023-3 Share: MERCN
Date: 2023-3 Share: MERIT
Date: 2023-3 Share: METUR
Date: 2023-3 Share: METRO
Date: 2023-3 Share: MTRYO
Date: 2023-3 Share: MIATK
Date: 2023-3 Share: MIPAZ
Date: 2023-3 Share: MMCAS
Date: 2023-3 Share: MOBTL
Date: 2023-3 Share: MNDTR
Date: 2023-3 Share: EGEPO
Date: 2023-3 Share: NTGAZ
Date: 2023-3 Share: NTHOL
Date: 2023-3 Share: NETAS
Date: 2023-3 Share: NIBAS
Date: 2023-3 Share: NUGYO
Date: 2023-3 Share: ORCAY
Date: 2023-3 Share: OTKAR
Date: 2023-3 Share: OYAYO
Date: 2023-3 Share: OZGYO
Date: 2023-3 Share: OZRDN
Date: 2023-3 Share: PAMEL
Date: 2023-3 Share: PNLSN
Date: 2023-3 Share: PAPIL
Date: 2023-3 Share: PCILT
Date: 2023-3 Share: PGSUS
Date: 2023-3 Share: PENTA
Date: 2023-3 Share: PEGYO
Date: 2023-3 Share: PSDTC
Date: 2023-3 Share: PETKM
Date: 2023-3 Share: PKENT
Date: 2023-3 Share: PINSU
Date: 2023-3 Share: PNSUT
Date: 2023-3 Share: PKART
Date: 2023-3 Share: POLTK
Date: 2023-3 Share: PRZMA
Date: 2023-3 Share: QUAGR
Date: 2023-3 Share: RODRG
Date: 2023-3 Share: RTALB
Date: 2023-3 Share: SANEL
Date: 2023-3 Share: SAYAS
Date: 2023-3 Share: SELEC
Date: 2023-3 Share: SELGD
Date: 2023-3 Share: SELVA
Date: 2023-3 Share: SNKRN
Date: 2023-3 Share: SILVR
Date: 2023-3 Share: SNGYO
Date: 2023-3 Share: SMRTG
Date: 2023-3 Share: SKTAS
Date: 2023-3 Share: SONME
Date: 2023-3 Share: SEGYO
Date: 2023-3 Share: TAVHL
Date: 2023-3 Share: TEKTU
Date: 2023-3 Share: TKFEN
Date: 2023-3 Share: TETMT
Date: 2023-3 Share: TGSAS
Date: 2023-3 Share: TRCAS
Date: 2023-3 Share: TRILC
Date: 2023-3 Share: TCELL
Date: 2023-3 Share: UFUK
Date: 2023-3 Share: ULUUN
Date: 2023-3 Share: USAK
Date: 2023-3 Share: ULKER
Date: 2023-3 Share: UNLU
Date: 2023-3 Share: VANGD
Date: 2023-3 Share: VBTYZ
Date: 2023-3 Share: VERUS
Date: 2023-3 Share: VESTL
Date: 2023-3 Share: VKING
Date: 2023-3 Share: YEOTK
Date: 2023-3 Share: YGYO
Date: 2023-3 Share: YYAPI
Date: 2023-3 Share: YESIL
Date: 2023-3 Share: ZRGYO
Date: 2023-3 Share: ZOREN
